<?xml version="1.0" encoding="UTF-8"?>
<testsuite xmlns:xsi="http://www.w3.org/2001/XMLSchema-instance" xsi:noNamespaceSchemaLocation="https://maven.apache.org/surefire/maven-surefire-plugin/xsd/surefire-test-report-3.0.xsd" version="3.0" name="com.zhiyangyun.care.InventoryFlowTest" time="2.375" tests="3" errors="0" skipped="0" failures="0">
  <properties>
[...]
</properties>
  <testcase name="inventory_adjustment_updates_stock" classname="com.zhiyangyun.care.InventoryFlowTest" time="0.359">
    <system-out><![CDATA[22:44:27.558 [main] INFO org.springframework.test.context.support.AnnotationConfigContextLoaderUtils -- Could not detect default configuration classes for test class [com.zhiyangyun.care.InventoryFlowTest]: InventoryFlowTest does not declare any static, non-private, non-final, nested classes annotated with @Configuration.
22:44:27.615 [main] INFO org.springframework.boot.test.context.SpringBootTestContextBootstrapper -- Found @SpringBootConfiguration com.zhiyangyun.care.CareApplication for test class com.zhiyangyun.care.InventoryFlowTest

  .   ____          _            __ _ _
 /\\ / ___'_ __ _ _(_)_ __  __ _ \ \ \ \
( ( )\___ | '_ | '_| | '_ \/ _` | \ \ \ \
 \\/  ___)| |_)| | | | | || (_| |  ) ) ) )
  '  |____| .__|_| |_|_| |_\__, | / / / /
 =========|_|==============|___/=/_/_/_/
 :: Spring Boot ::                (v3.2.6)

2026-02-07T22:44:27.776+09:00  INFO 27203 --- [           main] com.zhiyangyun.care.InventoryFlowTest    : Starting InventoryFlowTest using Java 17.0.18 with PID 27203 (started by yang in /Users/yang/smartcare)
2026-02-07T22:44:27.777+09:00  INFO 27203 --- [           main] com.zhiyangyun.care.InventoryFlowTest    : The following 1 profile is active: "test"
2026-02-07T22:44:28.171+09:00  INFO 27203 --- [           main] .s.d.r.c.RepositoryConfigurationDelegate : Multiple Spring Data modules found, entering strict repository configuration mode
2026-02-07T22:44:28.172+09:00  INFO 27203 --- [           main] .s.d.r.c.RepositoryConfigurationDelegate : Bootstrapping Spring Data Redis repositories in DEFAULT mode.
2026-02-07T22:44:28.187+09:00  INFO 27203 --- [           main] .s.d.r.c.RepositoryConfigurationDelegate : Finished Spring Data repository scanning in 9 ms. Found 0 Redis repository interfaces.
 _ _   |_  _ _|_. ___ _ |    _ 
| | |\/|_)(_| | |_\  |_)||_|_\ 
     /               |         
                        3.5.5 
2026-02-07T22:44:28.550+09:00  INFO 27203 --- [           main] com.zaxxer.hikari.HikariDataSource       : HikariPool-1 - Starting...
2026-02-07T22:44:28.623+09:00  INFO 27203 --- [           main] com.zaxxer.hikari.pool.HikariPool        : HikariPool-1 - Added connection conn0: url=jdbc:h2:mem:testdb user=SA
2026-02-07T22:44:28.623+09:00  INFO 27203 --- [           main] com.zaxxer.hikari.HikariDataSource       : HikariPool-1 - Start completed.
2026-02-07T22:44:29.269+09:00  INFO 27203 --- [           main] o.s.s.web.DefaultSecurityFilterChain     : Will secure any request with [org.springframework.security.web.session.DisableEncodeUrlFilter@5ae16aa, org.springframework.security.web.context.request.async.WebAsyncManagerIntegrationFilter@344a065a, org.springframework.security.web.context.SecurityContextHolderFilter@55f23335, org.springframework.security.web.header.HeaderWriterFilter@5f4e389a, org.springframework.web.filter.CorsFilter@3051e476, org.springframework.security.web.authentication.logout.LogoutFilter@76105ac0, com.zhiyangyun.care.common.web.ResponseContentTypeFilter@b55f5b7, com.zhiyangyun.care.auth.security.JwtAuthenticationFilter@3356ff58, org.springframework.security.web.savedrequest.RequestCacheAwareFilter@61c145cb, org.springframework.security.web.servletapi.SecurityContextHolderAwareRequestFilter@153409b8, org.springframework.security.web.authentication.AnonymousAuthenticationFilter@1870b9b8, org.springframework.security.web.session.SessionManagementFilter@1abf951a, org.springframework.security.web.access.ExceptionTranslationFilter@36ab69d9, org.springframework.security.web.access.intercept.AuthorizationFilter@5ffdd510]
2026-02-07T22:44:29.462+09:00  INFO 27203 --- [           main] com.zhiyangyun.care.InventoryFlowTest    : Started InventoryFlowTest in 1.791 seconds (process running for 2.216)
]]></system-out>
  </testcase>
  <testcase name="cancel_rolls_back_inventory" classname="com.zhiyangyun.care.InventoryFlowTest" time="0.018"/>
  <testcase name="refund_creates_return_batch" classname="com.zhiyangyun.care.InventoryFlowTest" time="0.009"/>
</testsuite>